2022-07-08 01:18:28,426 INFO o.a.j.u.JMeterUtils: Setting Locale to en_EN
2022-07-08 01:18:28,456 INFO o.a.j.JMeter: Loading user properties from: /usr/local/Cellar/jmeter/5.4.3/libexec/bin/user.properties
2022-07-08 01:18:28,457 INFO o.a.j.JMeter: Loading system properties from: /usr/local/Cellar/jmeter/5.4.3/libexec/bin/system.properties
2022-07-08 01:18:28,465 INFO o.a.j.JMeter: Copyright (c) 1998-2021 The Apache Software Foundation
2022-07-08 01:18:28,465 INFO o.a.j.JMeter: Version 5.4.3
2022-07-08 01:18:28,465 INFO o.a.j.JMeter: java.version=17.0.2
2022-07-08 01:18:28,465 INFO o.a.j.JMeter: java.vm.name=OpenJDK 64-Bit Server VM
2022-07-08 01:18:28,465 INFO o.a.j.JMeter: os.name=Mac OS X
2022-07-08 01:18:28,465 INFO o.a.j.JMeter: os.arch=x86_64
2022-07-08 01:18:28,465 INFO o.a.j.JMeter: os.version=12.4
2022-07-08 01:18:28,465 INFO o.a.j.JMeter: file.encoding=UTF-8
2022-07-08 01:18:28,465 INFO o.a.j.JMeter: java.awt.headless=null
2022-07-08 01:18:28,465 INFO o.a.j.JMeter: Max memory     =1073741824
2022-07-08 01:18:28,465 INFO o.a.j.JMeter: Available Processors =12
2022-07-08 01:18:28,475 INFO o.a.j.JMeter: Default Locale=English (EN)
2022-07-08 01:18:28,475 INFO o.a.j.JMeter: JMeter  Locale=English (EN)
2022-07-08 01:18:28,475 INFO o.a.j.JMeter: JMeterHome=/usr/local/Cellar/jmeter/5.4.3/libexec
2022-07-08 01:18:28,475 INFO o.a.j.JMeter: user.dir  =/Users/andre.coelho/git/pessoal/app-search-store/app-search-store
2022-07-08 01:18:28,476 INFO o.a.j.JMeter: PWD       =/Users/andre.coelho/git/pessoal/app-search-store/app-search-store
2022-07-08 01:18:28,640 INFO o.a.j.JMeter: IP: 192.168.124.16 Name: ip-192-168-124-16.ec2.internal FullName: ip-192-168-124-16.ec2.internal
2022-07-08 01:18:34,383 INFO o.a.j.JMeter: Setting LAF to: laf:com.apple.laf.AquaLookAndFeel
2022-07-08 01:18:37,448 INFO o.a.j.JMeter: Loaded icon properties from org/apache/jmeter/images/icon.properties
2022-07-08 01:18:39,813 INFO o.j.r.JARSourceHTTP: Requesting https://jmeter-plugins.org/repo/?installID=mac_os_x-f682e9d5d4c5da426b92fe7e42e7b2b6-gui
2022-07-08 01:18:41,543 WARN o.j.r.PluginManagerMenuItem: Failed to load plugin updates info
javax.net.ssl.SSLHandshakeException: PKIX path building failed: sun.security.provider.certpath.SunCertPathBuilderException: unable to find valid certification path to requested target
	at sun.security.ssl.Alert.createSSLException(Alert.java:131) ~[?:?]
	at sun.security.ssl.TransportContext.fatal(TransportContext.java:371) ~[?:?]
	at sun.security.ssl.TransportContext.fatal(TransportContext.java:314) ~[?:?]
	at sun.security.ssl.TransportContext.fatal(TransportContext.java:309) ~[?:?]
	at sun.security.ssl.CertificateMessage$T13CertificateConsumer.checkServerCerts(CertificateMessage.java:1357) ~[?:?]
	at sun.security.ssl.CertificateMessage$T13CertificateConsumer.onConsumeCertificate(CertificateMessage.java:1232) ~[?:?]
	at sun.security.ssl.CertificateMessage$T13CertificateConsumer.consume(CertificateMessage.java:1175) ~[?:?]
	at sun.security.ssl.SSLHandshake.consume(SSLHandshake.java:396) ~[?:?]
	at sun.security.ssl.HandshakeContext.dispatch(HandshakeContext.java:480) ~[?:?]
	at sun.security.ssl.HandshakeContext.dispatch(HandshakeContext.java:458) ~[?:?]
	at sun.security.ssl.TransportContext.dispatch(TransportContext.java:201) ~[?:?]
	at sun.security.ssl.SSLTransport.decode(SSLTransport.java:172) ~[?:?]
	at sun.security.ssl.SSLSocketImpl.decode(SSLSocketImpl.java:1500) ~[?:?]
	at sun.security.ssl.SSLSocketImpl.readHandshakeRecord(SSLSocketImpl.java:1415) ~[?:?]
	at sun.security.ssl.SSLSocketImpl.startHandshake(SSLSocketImpl.java:450) ~[?:?]
	at sun.security.ssl.SSLSocketImpl.startHandshake(SSLSocketImpl.java:421) ~[?:?]
	at org.apache.http.conn.ssl.SSLSocketFactory.createLayeredSocket(SSLSocketFactory.java:570) ~[httpclient-4.5.12.jar:4.5.12]
	at org.apache.http.conn.ssl.SSLSocketFactory.connectSocket(SSLSocketFactory.java:554) ~[httpclient-4.5.12.jar:4.5.12]
	at org.apache.http.conn.ssl.SSLSocketFactory.connectSocket(SSLSocketFactory.java:415) ~[httpclient-4.5.12.jar:4.5.12]
	at org.apache.http.impl.conn.DefaultClientConnectionOperator.openConnection(DefaultClientConnectionOperator.java:180) ~[httpclient-4.5.12.jar:4.5.12]
	at org.apache.http.impl.conn.ManagedClientConnectionImpl.open(ManagedClientConnectionImpl.java:326) ~[httpclient-4.5.12.jar:4.5.12]
	at org.apache.http.impl.client.DefaultRequestDirector.tryConnect(DefaultRequestDirector.java:605) ~[httpclient-4.5.12.jar:4.5.12]
	at org.apache.http.impl.client.DefaultRequestDirector.execute(DefaultRequestDirector.java:440) ~[httpclient-4.5.12.jar:4.5.12]
	at org.apache.http.impl.client.AbstractHttpClient.doExecute(AbstractHttpClient.java:835) ~[httpclient-4.5.12.jar:4.5.12]
	at org.apache.http.impl.client.CloseableHttpClient.execute(CloseableHttpClient.java:83) ~[httpclient-4.5.12.jar:4.5.12]
	at org.apache.http.impl.client.CloseableHttpClient.execute(CloseableHttpClient.java:56) ~[httpclient-4.5.12.jar:4.5.12]
	at org.jmeterplugins.repository.JARSourceHTTP.execute(JARSourceHTTP.java:499) ~[jmeter-plugins-manager-1.7.jar:?]
	at org.jmeterplugins.repository.JARSourceHTTP.execute(JARSourceHTTP.java:494) ~[jmeter-plugins-manager-1.7.jar:?]
	at org.jmeterplugins.repository.JARSourceHTTP.getJSON(JARSourceHTTP.java:152) ~[jmeter-plugins-manager-1.7.jar:?]
	at org.jmeterplugins.repository.JARSourceHTTP.getRepositories(JARSourceHTTP.java:276) ~[jmeter-plugins-manager-1.7.jar:?]
	at org.jmeterplugins.repository.JARSourceHTTP.getRepo(JARSourceHTTP.java:304) ~[jmeter-plugins-manager-1.7.jar:?]
	at org.jmeterplugins.repository.PluginManager.load(PluginManager.java:71) ~[jmeter-plugins-manager-1.7.jar:?]
	at org.jmeterplugins.repository.PluginManagerMenuItem$1.run(PluginManagerMenuItem.java:38) [jmeter-plugins-manager-1.7.jar:?]
Caused by: sun.security.validator.ValidatorException: PKIX path building failed: sun.security.provider.certpath.SunCertPathBuilderException: unable to find valid certification path to requested target
	at sun.security.validator.PKIXValidator.doBuild(PKIXValidator.java:439) ~[?:?]
	at sun.security.validator.PKIXValidator.engineValidate(PKIXValidator.java:306) ~[?:?]
	at sun.security.validator.Validator.validate(Validator.java:264) ~[?:?]
	at sun.security.ssl.X509TrustManagerImpl.checkTrusted(X509TrustManagerImpl.java:231) ~[?:?]
	at sun.security.ssl.X509TrustManagerImpl.checkServerTrusted(X509TrustManagerImpl.java:132) ~[?:?]
	at sun.security.ssl.CertificateMessage$T13CertificateConsumer.checkServerCerts(CertificateMessage.java:1341) ~[?:?]
	... 28 more
Caused by: sun.security.provider.certpath.SunCertPathBuilderException: unable to find valid certification path to requested target
	at sun.security.provider.certpath.SunCertPathBuilder.build(SunCertPathBuilder.java:141) ~[?:?]
	at sun.security.provider.certpath.SunCertPathBuilder.engineBuild(SunCertPathBuilder.java:126) ~[?:?]
	at java.security.cert.CertPathBuilder.build(CertPathBuilder.java:297) ~[?:?]
	at sun.security.validator.PKIXValidator.doBuild(PKIXValidator.java:434) ~[?:?]
	at sun.security.validator.PKIXValidator.engineValidate(PKIXValidator.java:306) ~[?:?]
	at sun.security.validator.Validator.validate(Validator.java:264) ~[?:?]
	at sun.security.ssl.X509TrustManagerImpl.checkTrusted(X509TrustManagerImpl.java:231) ~[?:?]
	at sun.security.ssl.X509TrustManagerImpl.checkServerTrusted(X509TrustManagerImpl.java:132) ~[?:?]
	at sun.security.ssl.CertificateMessage$T13CertificateConsumer.checkServerCerts(CertificateMessage.java:1341) ~[?:?]
	... 28 more
2022-07-08 01:38:03,872 INFO o.a.j.p.h.s.HTTPSamplerBase: Parser for text/html is org.apache.jmeter.protocol.http.parser.LagartoBasedHtmlParser
2022-07-08 01:38:03,874 INFO o.a.j.p.h.s.HTTPSamplerBase: Parser for application/xhtml+xml is org.apache.jmeter.protocol.http.parser.LagartoBasedHtmlParser
2022-07-08 01:38:03,874 INFO o.a.j.p.h.s.HTTPSamplerBase: Parser for application/xml is org.apache.jmeter.protocol.http.parser.LagartoBasedHtmlParser
2022-07-08 01:38:03,874 INFO o.a.j.p.h.s.HTTPSamplerBase: Parser for text/xml is org.apache.jmeter.protocol.http.parser.LagartoBasedHtmlParser
2022-07-08 01:38:03,874 INFO o.a.j.p.h.s.HTTPSamplerBase: Parser for text/vnd.wap.wml is org.apache.jmeter.protocol.http.parser.RegexpHTMLParser
2022-07-08 01:38:03,874 INFO o.a.j.p.h.s.HTTPSamplerBase: Parser for text/css is org.apache.jmeter.protocol.http.parser.CssParser
2022-07-08 01:39:11,770 INFO o.a.j.s.FileServer: Default base='/Users/andre.coelho/git/pessoal/app-search-store/app-search-store'
2022-07-08 01:39:11,771 INFO o.a.j.s.FileServer: Set new base='/Users/andre.coelho/git/pessoal/app-search-store/app-search-store'
2022-07-08 01:39:11,921 INFO o.a.j.s.SaveService: Testplan (JMX) version: 2.2. Testlog (JTL) version: 2.2
2022-07-08 01:39:11,929 INFO o.a.j.s.SaveService: Using SaveService properties version 5.0
2022-07-08 01:39:11,930 INFO o.a.j.s.SaveService: Using SaveService properties file encoding UTF-8
2022-07-08 01:39:11,947 INFO o.a.j.e.StandardJMeterEngine: Running the test!
2022-07-08 01:39:11,948 INFO o.a.j.s.SampleEvent: List of sample_variables: []
2022-07-08 01:39:11,948 INFO o.a.j.s.SampleEvent: List of sample_variables: []
2022-07-08 01:39:11,949 INFO o.a.j.e.u.CompoundVariable: Note: Function class names must contain the string: '.functions.'
2022-07-08 01:39:11,949 INFO o.a.j.e.u.CompoundVariable: Note: Function class names must not contain the string: '.gui.'
2022-07-08 01:39:12,032 INFO o.a.j.g.u.JMeterMenuBar: setRunning(true, *local*)
2022-07-08 01:39:12,036 INFO o.a.j.e.StandardJMeterEngine: Starting ThreadGroup: 1 : Thread Group
2022-07-08 01:39:12,036 INFO o.a.j.e.StandardJMeterEngine: Starting 1 threads for group Thread Group.
2022-07-08 01:39:12,036 INFO o.a.j.e.StandardJMeterEngine: Thread will continue on error
2022-07-08 01:39:12,037 INFO o.a.j.t.ThreadGroup: Starting thread group... number=1 threads=1 ramp-up=1 delayedStart=false
2022-07-08 01:39:12,038 INFO o.a.j.t.ThreadGroup: Started thread group number 1
2022-07-08 01:39:12,038 INFO o.a.j.e.StandardJMeterEngine: All thread groups have been started
2022-07-08 01:39:12,039 INFO o.a.j.t.JMeterThread: Thread started: Thread Group 1-1
2022-07-08 01:39:12,041 INFO o.a.j.s.SampleResult: Note: Sample TimeStamps are START times
2022-07-08 01:39:12,041 INFO o.a.j.s.SampleResult: sampleresult.default.encoding is set to ISO-8859-1
2022-07-08 01:39:12,041 INFO o.a.j.s.SampleResult: sampleresult.useNanoTime=true
2022-07-08 01:39:12,041 INFO o.a.j.s.SampleResult: sampleresult.nanoThreadSleep=5000
2022-07-08 01:39:12,043 INFO o.a.j.t.JMeterThread: Thread is done: Thread Group 1-1
2022-07-08 01:39:12,043 INFO o.a.j.t.JMeterThread: Thread finished: Thread Group 1-1
2022-07-08 01:39:12,043 INFO o.a.j.e.StandardJMeterEngine: Notifying test listeners of end of test
2022-07-08 01:39:12,048 INFO o.a.j.g.u.JMeterMenuBar: setRunning(false, *local*)
2022-07-08 01:39:15,328 INFO o.a.j.e.StandardJMeterEngine: Running the test!
2022-07-08 01:39:15,328 INFO o.a.j.s.SampleEvent: List of sample_variables: []
2022-07-08 01:39:15,329 INFO o.a.j.g.u.JMeterMenuBar: setRunning(true, *local*)
2022-07-08 01:39:15,417 INFO o.a.j.e.StandardJMeterEngine: Starting ThreadGroup: 1 : Thread Group
2022-07-08 01:39:15,418 INFO o.a.j.e.StandardJMeterEngine: Starting 1 threads for group Thread Group.
2022-07-08 01:39:15,418 INFO o.a.j.e.StandardJMeterEngine: Thread will continue on error
2022-07-08 01:39:15,418 INFO o.a.j.t.ThreadGroup: Starting thread group... number=1 threads=1 ramp-up=1 delayedStart=false
2022-07-08 01:39:15,418 INFO o.a.j.t.ThreadGroup: Started thread group number 1
2022-07-08 01:39:15,419 INFO o.a.j.e.StandardJMeterEngine: All thread groups have been started
2022-07-08 01:39:15,419 INFO o.a.j.t.JMeterThread: Thread started: Thread Group 1-1
2022-07-08 01:39:15,419 INFO o.a.j.t.JMeterThread: Thread is done: Thread Group 1-1
2022-07-08 01:39:15,419 INFO o.a.j.t.JMeterThread: Thread finished: Thread Group 1-1
2022-07-08 01:39:15,420 INFO o.a.j.e.StandardJMeterEngine: Notifying test listeners of end of test
2022-07-08 01:39:15,422 INFO o.a.j.g.u.JMeterMenuBar: setRunning(false, *local*)
2022-07-08 01:39:26,610 INFO o.a.j.e.StandardJMeterEngine: Running the test!
2022-07-08 01:39:26,610 INFO o.a.j.s.SampleEvent: List of sample_variables: []
2022-07-08 01:39:26,611 INFO o.a.j.g.u.JMeterMenuBar: setRunning(true, *local*)
2022-07-08 01:39:26,643 INFO o.a.j.e.StandardJMeterEngine: Starting ThreadGroup: 1 : Thread Group
2022-07-08 01:39:26,644 INFO o.a.j.e.StandardJMeterEngine: Starting 1 threads for group Thread Group.
2022-07-08 01:39:26,644 INFO o.a.j.e.StandardJMeterEngine: Thread will continue on error
2022-07-08 01:39:26,644 INFO o.a.j.t.ThreadGroup: Starting thread group... number=1 threads=1 ramp-up=1 delayedStart=false
2022-07-08 01:39:26,644 INFO o.a.j.t.ThreadGroup: Started thread group number 1
2022-07-08 01:39:26,645 INFO o.a.j.e.StandardJMeterEngine: All thread groups have been started
2022-07-08 01:39:26,645 INFO o.a.j.t.JMeterThread: Thread started: Thread Group 1-1
2022-07-08 01:39:26,645 INFO o.a.j.t.JMeterThread: Thread is done: Thread Group 1-1
2022-07-08 01:39:26,646 INFO o.a.j.t.JMeterThread: Thread finished: Thread Group 1-1
2022-07-08 01:39:26,646 INFO o.a.j.e.StandardJMeterEngine: Notifying test listeners of end of test
2022-07-08 01:39:26,646 INFO o.a.j.g.u.JMeterMenuBar: setRunning(false, *local*)
2022-07-08 01:39:28,375 INFO o.a.j.e.StandardJMeterEngine: Running the test!
2022-07-08 01:39:28,376 INFO o.a.j.s.SampleEvent: List of sample_variables: []
2022-07-08 01:39:28,376 INFO o.a.j.g.u.JMeterMenuBar: setRunning(true, *local*)
2022-07-08 01:39:28,398 INFO o.a.j.e.StandardJMeterEngine: Starting ThreadGroup: 1 : Thread Group
2022-07-08 01:39:28,399 INFO o.a.j.e.StandardJMeterEngine: Starting 1 threads for group Thread Group.
2022-07-08 01:39:28,399 INFO o.a.j.e.StandardJMeterEngine: Thread will continue on error
2022-07-08 01:39:28,399 INFO o.a.j.t.ThreadGroup: Starting thread group... number=1 threads=1 ramp-up=1 delayedStart=false
2022-07-08 01:39:28,399 INFO o.a.j.t.ThreadGroup: Started thread group number 1
2022-07-08 01:39:28,399 INFO o.a.j.e.StandardJMeterEngine: All thread groups have been started
2022-07-08 01:39:28,400 INFO o.a.j.t.JMeterThread: Thread started: Thread Group 1-1
2022-07-08 01:39:28,400 INFO o.a.j.t.JMeterThread: Thread is done: Thread Group 1-1
2022-07-08 01:39:28,401 INFO o.a.j.t.JMeterThread: Thread finished: Thread Group 1-1
2022-07-08 01:39:28,401 INFO o.a.j.e.StandardJMeterEngine: Notifying test listeners of end of test
2022-07-08 01:39:28,402 INFO o.a.j.g.u.JMeterMenuBar: setRunning(false, *local*)
2022-07-08 01:40:21,275 INFO o.a.j.e.StandardJMeterEngine: Running the test!
2022-07-08 01:40:21,276 INFO o.a.j.s.SampleEvent: List of sample_variables: []
2022-07-08 01:40:21,276 INFO o.a.j.g.u.JMeterMenuBar: setRunning(true, *local*)
2022-07-08 01:40:21,304 INFO o.a.j.e.StandardJMeterEngine: Starting ThreadGroup: 1 : Thread Group
2022-07-08 01:40:21,305 INFO o.a.j.e.StandardJMeterEngine: Starting 2 threads for group Thread Group.
2022-07-08 01:40:21,305 INFO o.a.j.e.StandardJMeterEngine: Thread will continue on error
2022-07-08 01:40:21,305 INFO o.a.j.t.ThreadGroup: Starting thread group... number=1 threads=2 ramp-up=1 delayedStart=false
2022-07-08 01:40:21,305 INFO o.a.j.t.JMeterThread: Thread started: Thread Group 1-1
2022-07-08 01:40:21,306 INFO o.a.j.t.ThreadGroup: Started thread group number 1
2022-07-08 01:40:21,306 INFO o.a.j.e.StandardJMeterEngine: All thread groups have been started
2022-07-08 01:40:21,308 INFO o.a.j.t.JMeterThread: Thread is done: Thread Group 1-1
2022-07-08 01:40:21,308 INFO o.a.j.t.JMeterThread: Thread finished: Thread Group 1-1
2022-07-08 01:40:21,809 INFO o.a.j.t.JMeterThread: Thread started: Thread Group 1-2
2022-07-08 01:40:21,812 INFO o.a.j.t.JMeterThread: Thread is done: Thread Group 1-2
2022-07-08 01:40:21,812 INFO o.a.j.t.JMeterThread: Thread finished: Thread Group 1-2
2022-07-08 01:40:21,812 INFO o.a.j.e.StandardJMeterEngine: Notifying test listeners of end of test
2022-07-08 01:40:21,812 INFO o.a.j.g.u.JMeterMenuBar: setRunning(false, *local*)
2022-07-08 01:41:02,926 INFO o.a.j.e.StandardJMeterEngine: Running the test!
2022-07-08 01:41:02,927 INFO o.a.j.s.SampleEvent: List of sample_variables: []
2022-07-08 01:41:02,928 INFO o.a.j.g.u.JMeterMenuBar: setRunning(true, *local*)
2022-07-08 01:41:02,962 INFO o.a.j.e.StandardJMeterEngine: Starting ThreadGroup: 1 : Thread Group
2022-07-08 01:41:02,962 INFO o.a.j.e.StandardJMeterEngine: Starting 2 threads for group Thread Group.
2022-07-08 01:41:02,962 INFO o.a.j.e.StandardJMeterEngine: Thread will continue on error
2022-07-08 01:41:02,962 INFO o.a.j.t.ThreadGroup: Starting thread group... number=1 threads=2 ramp-up=1 delayedStart=false
2022-07-08 01:41:02,963 INFO o.a.j.t.ThreadGroup: Started thread group number 1
2022-07-08 01:41:02,963 INFO o.a.j.t.JMeterThread: Thread started: Thread Group 1-1
2022-07-08 01:41:02,963 INFO o.a.j.e.StandardJMeterEngine: All thread groups have been started
2022-07-08 01:41:02,966 INFO o.a.j.t.JMeterThread: Thread is done: Thread Group 1-1
2022-07-08 01:41:02,966 INFO o.a.j.t.JMeterThread: Thread finished: Thread Group 1-1
2022-07-08 01:41:03,467 INFO o.a.j.t.JMeterThread: Thread started: Thread Group 1-2
2022-07-08 01:41:03,471 INFO o.a.j.t.JMeterThread: Thread is done: Thread Group 1-2
2022-07-08 01:41:03,472 INFO o.a.j.t.JMeterThread: Thread finished: Thread Group 1-2
2022-07-08 01:41:03,472 INFO o.a.j.e.StandardJMeterEngine: Notifying test listeners of end of test
2022-07-08 01:41:03,472 INFO o.a.j.g.u.JMeterMenuBar: setRunning(false, *local*)
2022-07-08 01:42:01,233 INFO o.a.j.e.StandardJMeterEngine: Running the test!
2022-07-08 01:42:01,234 INFO o.a.j.s.SampleEvent: List of sample_variables: []
2022-07-08 01:42:01,234 INFO o.a.j.g.u.JMeterMenuBar: setRunning(true, *local*)
2022-07-08 01:42:01,261 INFO o.a.j.e.StandardJMeterEngine: Starting ThreadGroup: 1 : Thread Group
2022-07-08 01:42:01,261 INFO o.a.j.e.StandardJMeterEngine: Starting 2 threads for group Thread Group.
2022-07-08 01:42:01,261 INFO o.a.j.e.StandardJMeterEngine: Thread will continue on error
2022-07-08 01:42:01,261 INFO o.a.j.t.ThreadGroup: Starting thread group... number=1 threads=2 ramp-up=1 delayedStart=false
2022-07-08 01:42:01,262 INFO o.a.j.t.ThreadGroup: Started thread group number 1
2022-07-08 01:42:01,262 INFO o.a.j.t.JMeterThread: Thread started: Thread Group 1-1
2022-07-08 01:42:01,262 INFO o.a.j.e.StandardJMeterEngine: All thread groups have been started
2022-07-08 01:42:01,264 INFO o.a.j.t.JMeterThread: Thread is done: Thread Group 1-1
2022-07-08 01:42:01,264 INFO o.a.j.t.JMeterThread: Thread finished: Thread Group 1-1
2022-07-08 01:42:01,762 INFO o.a.j.t.JMeterThread: Thread started: Thread Group 1-2
2022-07-08 01:42:01,765 INFO o.a.j.t.JMeterThread: Thread is done: Thread Group 1-2
2022-07-08 01:42:01,765 INFO o.a.j.t.JMeterThread: Thread finished: Thread Group 1-2
2022-07-08 01:42:01,765 INFO o.a.j.e.StandardJMeterEngine: Notifying test listeners of end of test
2022-07-08 01:42:01,766 INFO o.a.j.g.u.JMeterMenuBar: setRunning(false, *local*)
2022-07-08 01:42:43,428 INFO o.a.j.e.StandardJMeterEngine: Running the test!
2022-07-08 01:42:43,429 INFO o.a.j.s.SampleEvent: List of sample_variables: []
2022-07-08 01:42:43,430 INFO o.a.j.g.u.JMeterMenuBar: setRunning(true, *local*)
2022-07-08 01:42:43,453 INFO o.a.j.e.StandardJMeterEngine: Starting ThreadGroup: 1 : Thread Group
2022-07-08 01:42:43,453 INFO o.a.j.e.StandardJMeterEngine: Starting 2 threads for group Thread Group.
2022-07-08 01:42:43,453 INFO o.a.j.e.StandardJMeterEngine: Thread will continue on error
2022-07-08 01:42:43,453 INFO o.a.j.t.ThreadGroup: Starting thread group... number=1 threads=2 ramp-up=1 delayedStart=false
2022-07-08 01:42:43,454 INFO o.a.j.t.ThreadGroup: Started thread group number 1
2022-07-08 01:42:43,454 INFO o.a.j.e.StandardJMeterEngine: All thread groups have been started
2022-07-08 01:42:43,454 INFO o.a.j.t.JMeterThread: Thread started: Thread Group 1-1
2022-07-08 01:42:43,455 INFO o.a.j.t.JMeterThread: Thread is done: Thread Group 1-1
2022-07-08 01:42:43,455 INFO o.a.j.t.JMeterThread: Thread finished: Thread Group 1-1
2022-07-08 01:42:43,956 INFO o.a.j.t.JMeterThread: Thread started: Thread Group 1-2
2022-07-08 01:42:43,959 INFO o.a.j.t.JMeterThread: Thread is done: Thread Group 1-2
2022-07-08 01:42:43,959 INFO o.a.j.t.JMeterThread: Thread finished: Thread Group 1-2
2022-07-08 01:42:43,959 INFO o.a.j.e.StandardJMeterEngine: Notifying test listeners of end of test
2022-07-08 01:42:43,959 INFO o.a.j.g.u.JMeterMenuBar: setRunning(false, *local*)
2022-07-08 01:43:12,132 INFO o.a.j.e.StandardJMeterEngine: Running the test!
2022-07-08 01:43:12,132 INFO o.a.j.s.SampleEvent: List of sample_variables: []
2022-07-08 01:43:12,133 INFO o.a.j.g.u.JMeterMenuBar: setRunning(true, *local*)
2022-07-08 01:43:12,160 INFO o.a.j.e.StandardJMeterEngine: Starting ThreadGroup: 1 : Thread Group
2022-07-08 01:43:12,161 INFO o.a.j.e.StandardJMeterEngine: Starting 2 threads for group Thread Group.
2022-07-08 01:43:12,161 INFO o.a.j.e.StandardJMeterEngine: Thread will continue on error
2022-07-08 01:43:12,161 INFO o.a.j.t.ThreadGroup: Starting thread group... number=1 threads=2 ramp-up=1 delayedStart=false
2022-07-08 01:43:12,161 INFO o.a.j.t.ThreadGroup: Started thread group number 1
2022-07-08 01:43:12,161 INFO o.a.j.t.JMeterThread: Thread started: Thread Group 1-1
2022-07-08 01:43:12,161 INFO o.a.j.e.StandardJMeterEngine: All thread groups have been started
2022-07-08 01:43:12,163 INFO o.a.j.t.JMeterThread: Thread is done: Thread Group 1-1
2022-07-08 01:43:12,163 INFO o.a.j.t.JMeterThread: Thread finished: Thread Group 1-1
2022-07-08 01:43:12,663 INFO o.a.j.t.JMeterThread: Thread started: Thread Group 1-2
2022-07-08 01:43:12,665 INFO o.a.j.t.JMeterThread: Thread is done: Thread Group 1-2
2022-07-08 01:43:12,665 INFO o.a.j.t.JMeterThread: Thread finished: Thread Group 1-2
2022-07-08 01:43:12,666 INFO o.a.j.e.StandardJMeterEngine: Notifying test listeners of end of test
2022-07-08 01:43:12,666 INFO o.a.j.g.u.JMeterMenuBar: setRunning(false, *local*)
2022-07-08 01:43:40,297 INFO o.a.j.e.StandardJMeterEngine: Running the test!
2022-07-08 01:43:40,298 INFO o.a.j.s.SampleEvent: List of sample_variables: []
2022-07-08 01:43:40,298 INFO o.a.j.g.u.JMeterMenuBar: setRunning(true, *local*)
2022-07-08 01:43:40,326 INFO o.a.j.e.StandardJMeterEngine: Starting ThreadGroup: 1 : Thread Group
2022-07-08 01:43:40,326 INFO o.a.j.e.StandardJMeterEngine: Starting 2 threads for group Thread Group.
2022-07-08 01:43:40,326 INFO o.a.j.e.StandardJMeterEngine: Thread will continue on error
2022-07-08 01:43:40,327 INFO o.a.j.t.ThreadGroup: Starting thread group... number=1 threads=2 ramp-up=1 delayedStart=false
2022-07-08 01:43:40,327 INFO o.a.j.t.JMeterThread: Thread started: Thread Group 1-1
2022-07-08 01:43:40,327 INFO o.a.j.t.ThreadGroup: Started thread group number 1
2022-07-08 01:43:40,327 INFO o.a.j.e.StandardJMeterEngine: All thread groups have been started
2022-07-08 01:43:40,329 INFO o.a.j.t.JMeterThread: Thread is done: Thread Group 1-1
2022-07-08 01:43:40,329 INFO o.a.j.t.JMeterThread: Thread finished: Thread Group 1-1
2022-07-08 01:43:40,831 INFO o.a.j.t.JMeterThread: Thread started: Thread Group 1-2
2022-07-08 01:43:40,833 INFO o.a.j.t.JMeterThread: Thread is done: Thread Group 1-2
2022-07-08 01:43:40,833 INFO o.a.j.t.JMeterThread: Thread finished: Thread Group 1-2
2022-07-08 01:43:40,833 INFO o.a.j.e.StandardJMeterEngine: Notifying test listeners of end of test
2022-07-08 01:43:40,833 INFO o.a.j.g.u.JMeterMenuBar: setRunning(false, *local*)
2022-07-08 01:43:59,614 INFO o.a.j.e.StandardJMeterEngine: Running the test!
2022-07-08 01:43:59,615 INFO o.a.j.s.SampleEvent: List of sample_variables: []
2022-07-08 01:43:59,615 INFO o.a.j.g.u.JMeterMenuBar: setRunning(true, *local*)
2022-07-08 01:43:59,645 INFO o.a.j.e.StandardJMeterEngine: Starting ThreadGroup: 1 : Thread Group
2022-07-08 01:43:59,663 INFO o.a.j.e.StandardJMeterEngine: Starting 2 threads for group Thread Group.
2022-07-08 01:43:59,664 INFO o.a.j.e.StandardJMeterEngine: Thread will continue on error
2022-07-08 01:43:59,664 INFO o.a.j.t.ThreadGroup: Starting thread group... number=1 threads=2 ramp-up=1 delayedStart=false
2022-07-08 01:43:59,664 INFO o.a.j.t.ThreadGroup: Started thread group number 1
2022-07-08 01:43:59,664 INFO o.a.j.e.StandardJMeterEngine: All thread groups have been started
2022-07-08 01:43:59,664 INFO o.a.j.t.JMeterThread: Thread started: Thread Group 1-1
2022-07-08 01:43:59,674 INFO o.a.j.p.h.s.HTTPHCAbstractImpl: Local host = ip-192-168-124-16.ec2.internal
2022-07-08 01:43:59,684 INFO o.a.j.p.h.s.HTTPHC4Impl: HTTP request retry count = 0
2022-07-08 01:43:59,912 INFO o.a.j.t.JMeterThread: Thread is done: Thread Group 1-1
2022-07-08 01:43:59,913 INFO o.a.j.t.JMeterThread: Thread finished: Thread Group 1-1
2022-07-08 01:44:00,169 INFO o.a.j.t.JMeterThread: Thread started: Thread Group 1-2
2022-07-08 01:44:00,303 INFO o.a.j.t.JMeterThread: Thread is done: Thread Group 1-2
2022-07-08 01:44:00,303 INFO o.a.j.t.JMeterThread: Thread finished: Thread Group 1-2
2022-07-08 01:44:00,303 INFO o.a.j.e.StandardJMeterEngine: Notifying test listeners of end of test
2022-07-08 01:44:00,304 INFO o.a.j.g.u.JMeterMenuBar: setRunning(false, *local*)
2022-07-08 01:45:06,864 INFO o.a.j.e.StandardJMeterEngine: Running the test!
2022-07-08 01:45:06,865 INFO o.a.j.s.SampleEvent: List of sample_variables: []
2022-07-08 01:45:06,865 INFO o.a.j.g.u.JMeterMenuBar: setRunning(true, *local*)
2022-07-08 01:45:06,898 INFO o.a.j.e.StandardJMeterEngine: Starting ThreadGroup: 1 : Thread Group
2022-07-08 01:45:06,898 INFO o.a.j.e.StandardJMeterEngine: Starting 2 threads for group Thread Group.
2022-07-08 01:45:06,898 INFO o.a.j.e.StandardJMeterEngine: Thread will continue on error
2022-07-08 01:45:06,898 INFO o.a.j.t.ThreadGroup: Starting thread group... number=1 threads=2 ramp-up=4 delayedStart=false
2022-07-08 01:45:06,899 INFO o.a.j.t.ThreadGroup: Started thread group number 1
2022-07-08 01:45:06,899 INFO o.a.j.e.StandardJMeterEngine: All thread groups have been started
2022-07-08 01:45:06,899 INFO o.a.j.t.JMeterThread: Thread started: Thread Group 1-1
2022-07-08 01:45:07,020 INFO o.a.j.t.JMeterThread: Thread is done: Thread Group 1-1
2022-07-08 01:45:07,020 INFO o.a.j.t.JMeterThread: Thread finished: Thread Group 1-1
2022-07-08 01:45:08,902 INFO o.a.j.t.JMeterThread: Thread started: Thread Group 1-2
2022-07-08 01:45:09,026 INFO o.a.j.t.JMeterThread: Thread is done: Thread Group 1-2
2022-07-08 01:45:09,026 INFO o.a.j.t.JMeterThread: Thread finished: Thread Group 1-2
2022-07-08 01:45:09,027 INFO o.a.j.e.StandardJMeterEngine: Notifying test listeners of end of test
2022-07-08 01:45:09,027 INFO o.a.j.g.u.JMeterMenuBar: setRunning(false, *local*)
